0 info it worked if it ends with ok
1 verbose cli [ '/Users/juliandeanquin/.nvm/versions/node/v6.9.2/bin/node',
1 verbose cli   '/Users/juliandeanquin/.nvm/versions/node/v6.9.2/bin/npm',
1 verbose cli   'run',
1 verbose cli   'build' ]
2 info using npm@3.10.9
3 info using node@v6.9.2
4 verbose run-script [ 'prebuild', 'build', 'postbuild' ]
5 info lifecycle dg-react-blocks@1.1.0~prebuild: dg-react-blocks@1.1.0
6 silly lifecycle dg-react-blocks@1.1.0~prebuild: no script for prebuild, continuing
7 info lifecycle dg-react-blocks@1.1.0~build: dg-react-blocks@1.1.0
8 verbose lifecycle dg-react-blocks@1.1.0~build: unsafe-perm in lifecycle true
9 verbose lifecycle dg-react-blocks@1.1.0~build: PATH: /Users/juliandeanquin/.nvm/versions/node/v6.9.2/lib/node_modules/npm/bin/node-gyp-bin:/Users/juliandeanquin/dev/code/php/amp-portal/wp-content/plugins/dg-react-components/post-carousel/node_modules/.bin:/Users/juliandeanquin/.nvm/versions/node/v6.9.2/bin:/usr/local/mysql/bin:/usr/local/bin:/usr/local/bin:/usr/bin:/bin:/usr/sbin:/sbin:/Library/Apple/usr/bin:/Users/juliandeanquin/dev/code/php/amp-portal/node_modules/.bin
10 verbose lifecycle dg-react-blocks@1.1.0~build: CWD: /Users/juliandeanquin/dev/code/php/amp-portal/wp-content/plugins/dg-react-components/post-carousel
11 silly lifecycle dg-react-blocks@1.1.0~build: Args: [ '-c', 'wp-scripts build' ]
12 info lifecycle dg-react-blocks@1.1.0~build: Failed to exec build script
13 verbose stack Error: dg-react-blocks@1.1.0 build: `wp-scripts build`
13 verbose stack spawn ENOENT
13 verbose stack     at ChildProcess.<anonymous> (/Users/juliandeanquin/.nvm/versions/node/v6.9.2/lib/node_modules/npm/lib/utils/spawn.js:33:16)
13 verbose stack     at emitTwo (events.js:106:13)
13 verbose stack     at ChildProcess.emit (events.js:191:7)
13 verbose stack     at maybeClose (internal/child_process.js:877:16)
13 verbose stack     at Process.ChildProcess._handle.onexit (internal/child_process.js:226:5)
14 verbose pkgid dg-react-blocks@1.1.0
15 verbose cwd /Users/juliandeanquin/dev/code/php/amp-portal/wp-content/plugins/dg-react-components/post-carousel
16 error Darwin 20.4.0
17 error argv "/Users/juliandeanquin/.nvm/versions/node/v6.9.2/bin/node" "/Users/juliandeanquin/.nvm/versions/node/v6.9.2/bin/npm" "run" "build"
18 error node v6.9.2
19 error npm  v3.10.9
20 error file sh
21 error code ELIFECYCLE
22 error errno ENOENT
23 error syscall spawn
24 error dg-react-blocks@1.1.0 build: `wp-scripts build`
24 error spawn ENOENT
25 error Failed at the dg-react-blocks@1.1.0 build script 'wp-scripts build'.
25 error Make sure you have the latest version of node.js and npm installed.
25 error If you do, this is most likely a problem with the dg-react-blocks package,
25 error not with npm itself.
25 error Tell the author that this fails on your system:
25 error     wp-scripts build
25 error You can get information on how to open an issue for this project with:
25 error     npm bugs dg-react-blocks
25 error Or if that isn't available, you can get their info via:
25 error     npm owner ls dg-react-blocks
25 error There is likely additional logging output above.
26 verbose exit [ 1, true ]
